<?xml version="1.0" encoding="UTF-8"?>
<!-- Generated by org.testng.reporters.JUnitReportReporter -->
<testsuite hostname="VICKY" failures="0" tests="3" name="testcases.TC02_makemytrip" time="51.598" errors="0" timestamp="02 Nov 2023 17:45:08 GMT" skipped="0">
  <testcase classname="testcases.TC02_makemytrip" name="selectFromAndToCities" time="13.782"/>
  <testcase classname="testcases.TC02_makemytrip" name="SelectDateAndSearchFlights" time="6.008"/>
  <testcase classname="testcases.TC02_makemytrip" name="verifySearchResults" time="31.808"/>
</testsuite> <!-- testcases.TC02_makemytrip -->
