<?xml version="1.0" encoding="UTF-8"?>
<!-- Generated by org.testng.reporters.JUnitReportReporter -->
<testsuite hostname="VICKY" failures="0" tests="1" name="testcases.TC01_letsKodeit" time="1.781" errors="0" timestamp="02 Nov 2023 17:45:08 GMT" skipped="0">
  <testcase classname="testcases.TC01_letsKodeit" name="practisePageTest" time="1.781"/>
</testsuite> <!-- testcases.TC01_letsKodeit -->
